[2019-03-10 09:28:23] Executing bootstrap tasks
[2019-03-10 09:28:23] Java(TM) SE Runtime Environment 1.8.0_191-b12
[2019-03-10 09:28:23] Product org.eclipse.products.epp.package.java.2018-09
[2019-03-10 09:28:23] Bundle org.eclipse.oomph.setup 1.10.0.v20180828-0705, build=3652, branch=fddd6edb5a235aea831fecf04547579693a78a4e
[2019-03-10 09:28:23] Bundle org.eclipse.oomph.setup.core 1.10.0.v20180714-0556, build=3652, branch=fddd6edb5a235aea831fecf04547579693a78a4e
[2019-03-10 09:28:23] Bundle org.eclipse.oomph.setup.p2 1.10.0.v20180706-1242, build=3652, branch=fddd6edb5a235aea831fecf04547579693a78a4e
[2019-03-10 09:28:23] Performing P2 Director (Eclipse IDE for Java Developers (2018-09))
[2019-03-10 09:28:23] Offline = false
[2019-03-10 09:28:23] Mirrors = true
[2019-03-10 09:28:23] Resolving 27 requirements from 3 repositories to C:\Users\grzegorz\eclipse\lisp\eclipse
[2019-03-10 09:28:23] Requirement epp.package.java [4.9.0,5.0.0)
[2019-03-10 09:28:23] Requirement org.eclipse.platform.feature.group [4.9.0,5.0.0)
[2019-03-10 09:28:23] Requirement org.eclipse.rcp.feature.group [4.9.0,5.0.0)
[2019-03-10 09:28:23] Requirement org.eclipse.buildship.feature.group
[2019-03-10 09:28:23] Requirement org.eclipse.eclemma.feature.feature.group
[2019-03-10 09:28:23] Requirement org.eclipse.egit.feature.group
[2019-03-10 09:28:23] Requirement org.eclipse.egit.mylyn.feature.group
[2019-03-10 09:28:23] Requirement org.eclipse.epp.mpc.feature.group
[2019-03-10 09:28:23] Requirement org.eclipse.jdt.feature.group
[2019-03-10 09:28:23] Requirement org.eclipse.jgit.feature.group
[2019-03-10 09:28:23] Requirement org.eclipse.m2e.feature.feature.group
[2019-03-10 09:28:23] Requirement org.eclipse.m2e.logback.feature.feature.group
[2019-03-10 09:28:23] Requirement org.eclipse.mylyn.bugzilla_feature.feature.group
[2019-03-10 09:28:23] Requirement org.eclipse.mylyn.context_feature.feature.group
[2019-03-10 09:28:23] Requirement org.eclipse.mylyn.git.feature.group
[2019-03-10 09:28:23] Requirement org.eclipse.mylyn.hudson.feature.group
[2019-03-10 09:28:23] Requirement org.eclipse.mylyn.ide_feature.feature.group
[2019-03-10 09:28:23] Requirement org.eclipse.mylyn.java_feature.feature.group
[2019-03-10 09:28:23] Requirement org.eclipse.mylyn.wikitext_feature.feature.group
[2019-03-10 09:28:23] Requirement org.eclipse.mylyn_feature.feature.group
[2019-03-10 09:28:23] Requirement org.eclipse.recommenders.mylyn.rcp.feature.feature.group
[2019-03-10 09:28:23] Requirement org.eclipse.recommenders.news.rcp.feature.feature.group
[2019-03-10 09:28:23] Requirement org.eclipse.recommenders.rcp.feature.feature.group
[2019-03-10 09:28:23] Requirement org.eclipse.recommenders.snipmatch.rcp.feature.feature.group
[2019-03-10 09:28:23] Requirement org.eclipse.tips.feature.feature.group
[2019-03-10 09:28:23] Requirement org.eclipse.wst.xml_ui.feature.feature.group
[2019-03-10 09:28:23] Requirement org.eclipse.oomph.setup.feature.group
[2019-03-10 09:28:23] Repository http://download.eclipse.org/technology/epp/packages/2018-09
[2019-03-10 09:28:23] Repository http://download.eclipse.org/releases/2018-09/201809191002
[2019-03-10 09:28:23] Repository http://download.eclipse.org/oomph/updates/milestone/latest
[2019-03-10 09:28:28] Calculating requirements and dependencies.
[2019-03-10 09:28:33] Computing prerequisite plan
[2019-03-10 09:28:35] Fetching compositeArtifacts.jar from http://download.eclipse.org/oomph/updates/milestone/latest/ (445B)
[2019-03-10 09:28:36] Fetching artifacts.jar from http://download.eclipse.org/oomph/drops/milestone/S20190206-100647-1.12.0-M2/ (8,53kB)
[2019-03-10 09:28:36] Collecting 9 artifacts from http://download.eclipse.org/oomph/updates/milestone/latest
[2019-03-10 09:28:37] Downloading org.eclipse.oomph.util
[2019-03-10 09:28:37] Downloading org.eclipse.oomph.setup.ui
[2019-03-10 09:28:37] Downloading org.eclipse.oomph.setup.editor
[2019-03-10 09:28:37] Downloading org.eclipse.oomph.setup.edit
[2019-03-10 09:28:37] Downloading org.eclipse.nebula.widgets.tablecombo
[2019-03-10 09:28:37] Downloading org.eclipse.oomph.setup
[2019-03-10 09:28:37] Downloading org.eclipse.oomph.setup.core
[2019-03-10 09:28:38] Fetching org.eclipse.oomph.setup.core_1.12.0.v20190206-0651.jar.pack.gz from http://mirror.math.princeton.edu/pub/eclipse//oomph/drops/milestone/S20190206-100647-1.12.0-M2/plugins/ (101,12kB)
[2019-03-10 09:28:38] Fetching org.eclipse.nebula.widgets.tablecombo_1.2.0.201901181114.jar from http://ftp.osuosl.org/pub/eclipse/oomph/drops/milestone/S20190206-100647-1.12.0-M2/plugins/ (35,39kB)
[2019-03-10 09:28:38] Fetching org.eclipse.oomph.setup_1.12.0.v20190206-0943.jar from http://mirror.umd.edu/eclipse/oomph/drops/milestone/S20190206-100647-1.12.0-M2/features/ (19,15kB)
[2019-03-10 09:28:38] Fetching org.eclipse.oomph.setup.core_1.12.0.v20190206-0943.jar from http://mirrors.syringanetworks.net/eclipse/oomph/drops/milestone/S20190206-100647-1.12.0-M2/features/ (19,25kB)
[2019-03-10 09:28:38] Fetching org.eclipse.oomph.setup.edit_1.12.0.v20190206-0943.jar.pack.gz from http://mirrors.xmission.com/eclipse/oomph/drops/milestone/S20190206-100647-1.12.0-M2/plugins/ (46,9kB)
[2019-03-10 09:28:38] Fetching org.eclipse.oomph.setup.ui_1.12.0.v20190206-0943.jar.pack.gz from http://mirror.cc.vt.edu/pub/eclipse/oomph/drops/milestone/S20190206-100647-1.12.0-M2/plugins/ (211,19kB)
[2019-03-10 09:28:38] Fetching org.eclipse.oomph.setup.editor_1.12.0.v20190206-0943.jar.pack.gz from http://eclipse.mirror.rafal.ca/oomph/drops/milestone/S20190206-100647-1.12.0-M2/plugins/ (147,35kB)
[2019-03-10 09:28:38] Fetching org.eclipse.oomph.util_1.11.0.v20190115-0558.jar.pack.gz from http://mirror.cc.columbia.edu/pub/software/eclipse/oomph/drops/milestone/S20190206-100647-1.12.0-M2/plugins/ (74,89kB)
[2019-03-10 09:28:38] Fetching org.eclipse.oomph.setup_1.12.0.v20190206-0943.jar.pack.gz from http://ftp.ussg.iu.edu/eclipse/oomph/drops/milestone/S20190206-100647-1.12.0-M2/plugins/ (130,09kB)
[2019-03-10 09:28:39] Fetching org.eclipse.oomph.setup_1.12.0.v20190206-0943.jar.pack.gz from http://ftp.ussg.iu.edu/eclipse/oomph/drops/milestone/S20190206-100647-1.12.0-M2/plugins/
[2019-03-10 09:28:40] Mirrored 1 artifacts from http://mirror.cc.vt.edu/pub/eclipse/oomph/drops/milestone/S20190206-100647-1.12.0-M2/ at 167kb/s
[2019-03-10 09:28:40] Mirrored 1 artifacts from http://eclipse.mirror.rafal.ca/oomph/drops/milestone/S20190206-100647-1.12.0-M2/ at 127kb/s
[2019-03-10 09:28:40] Mirrored 1 artifacts from http://mirror.math.princeton.edu/pub/eclipse//oomph/drops/milestone/S20190206-100647-1.12.0-M2/ at 120kb/s
[2019-03-10 09:28:40] Mirrored 1 artifacts from http://mirror.cc.columbia.edu/pub/software/eclipse/oomph/drops/milestone/S20190206-100647-1.12.0-M2/ at 60kb/s
[2019-03-10 09:28:40] Mirrored 1 artifacts from http://ftp.ussg.iu.edu/eclipse/oomph/drops/milestone/S20190206-100647-1.12.0-M2/ at 53kb/s
[2019-03-10 09:28:40] Mirrored 1 artifacts from http://ftp.osuosl.org/pub/eclipse/oomph/drops/milestone/S20190206-100647-1.12.0-M2/ at 48kb/s
[2019-03-10 09:28:40] Mirrored 1 artifacts from http://mirrors.xmission.com/eclipse/oomph/drops/milestone/S20190206-100647-1.12.0-M2/ at 46kb/s
[2019-03-10 09:28:40] Mirrored 1 artifacts from http://mirror.umd.edu/eclipse/oomph/drops/milestone/S20190206-100647-1.12.0-M2/ at 23kb/s
[2019-03-10 09:28:40] Mirrored 1 artifacts from http://mirrors.syringanetworks.net/eclipse/oomph/drops/milestone/S20190206-100647-1.12.0-M2/ at 21kb/s
[2019-03-10 09:28:40] Collected 9 artifacts for http://download.eclipse.org/oomph/updates/milestone/latest in 3.738s
[2019-03-10 09:28:40] Collecting 1 artifacts from http://download.eclipse.org/technology/epp/packages/2018-09
[2019-03-10 09:28:40] Downloading epp.package.java.executable.win32.win32.x86_64
[2019-03-10 09:28:40] Collected 1 artifacts for http://download.eclipse.org/technology/epp/packages/2018-09 in 0.002s
[2019-03-10 09:28:40] Collecting 3 artifacts from http://download.eclipse.org/releases/2018-09/201809191002
[2019-03-10 09:28:41] Downloading org.eclipse.platform_root
[2019-03-10 09:28:41] Downloading org.eclipse.platform.ide.executable.win32.win32.x86_64
[2019-03-10 09:28:41] Downloading org.eclipse.rcp_root
[2019-03-10 09:28:41] Collected 3 artifacts for http://download.eclipse.org/releases/2018-09/201809191002 in 0.502s
[2019-03-10 09:28:45] Installing a.jre.javase [10.0.0]
[2019-03-10 09:28:45] Installing ch.qos.logback.classic [1.0.7.v20121108-1250]
[2019-03-10 09:28:45] Installing ch.qos.logback.core [1.0.7.v20121108-1250]
[2019-03-10 09:28:45] Installing ch.qos.logback.slf4j [1.0.7.v201505121915]
[2019-03-10 09:28:45] Installing com.google.gson [2.8.2.v20180104-1110]
[2019-03-10 09:28:45] Installing com.google.guava [15.0.0.v201403281430]
[2019-03-10 09:28:45] Installing com.google.inject [3.0.0.v201312141243]
[2019-03-10 09:28:45] Installing com.google.inject.multibindings [3.0.0.v201402270930]
[2019-03-10 09:28:45] Installing com.gradleware.tooling.client [0.19.4.v20171108133209]
[2019-03-10 09:28:45] Installing com.gradleware.tooling.model [0.19.4.v20171108133209]
[2019-03-10 09:28:45] Installing com.gradleware.tooling.utils [0.19.4.v20171108133209]
[2019-03-10 09:28:45] Installing com.ibm.icu [62.1.0.v20180727-1652]
[2019-03-10 09:28:45] Installing com.jcraft.jsch [0.1.54.v20170116-1932]
[2019-03-10 09:28:45] Installing com.jcraft.jzlib [1.1.1.v201205102305]
[2019-03-10 09:28:45] Installing com.mountainminds.eclemma.core [3.1.1.201809121651]
[2019-03-10 09:28:45] Installing com.sun.el [2.2.0.v201303151357]
[2019-03-10 09:28:45] Installing com.sun.jna [4.5.1.v20180403-1933]
[2019-03-10 09:28:45] Installing com.sun.jna.platform [4.5.1.v20180403-1933]
[2019-03-10 09:28:45] Installing epp.package.java [4.9.0.20180917-1800]
[2019-03-10 09:28:45] Installing epp.package.java.executable.win32.win32.x86_64 [4.9.0.20180917-1800]
[2019-03-10 09:28:45] Installing epp.package.java.executable.win32.win32.x86_64.eclipse [4.9.0.20180917-1800]
[2019-03-10 09:28:45] Installing javaewah [1.1.6.v20160919-1400]
[2019-03-10 09:28:45] Installing javax.annotation [1.2.0.v201602091430]
[2019-03-10 09:28:45] Installing javax.el [2.2.0.v201303151357]
[2019-03-10 09:28:45] Installing javax.inject [1.0.0.v20091030]
[2019-03-10 09:28:45] Installing javax.servlet [3.1.0.v201410161800]
[2019-03-10 09:28:45] Installing javax.servlet.jsp [2.2.0.v201112011158]
[2019-03-10 09:28:45] Installing javax.xml [1.3.4.v201005080400]
[2019-03-10 09:28:45] Installing org.apache.ant [1.10.5.v20180808-0324]
[2019-03-10 09:28:45] Installing org.apache.batik.constants [1.10.0.v20180703-1553]
[2019-03-10 09:28:45] Installing org.apache.batik.css [1.10.0.v20180703-1553]
[2019-03-10 09:28:45] Installing org.apache.batik.i18n [1.10.0.v20180703-1553]
[2019-03-10 09:28:45] Installing org.apache.batik.util [1.10.0.v20180703-1553]
[2019-03-10 09:28:45] Installing org.apache.commons.codec [1.10.0.v20180409-1845]
[2019-03-10 09:28:45] Installing org.apache.commons.compress [1.15.0.v20180119-1613]
[2019-03-10 09:28:45] Installing org.apache.commons.httpclient [3.1.0.v201012070820]
[2019-03-10 09:28:45] Installing org.apache.commons.io [2.2.0.v201405211200]
[2019-03-10 09:28:45] Installing org.apache.commons.jxpath [1.3.0.v200911051830]
[2019-03-10 09:28:45] Installing org.apache.commons.lang [2.6.0.v201404270220]
[2019-03-10 09:28:45] Installing org.apache.commons.lang3 [3.1.0.v201403281430]
[2019-03-10 09:28:45] Installing org.apache.commons.logging [1.2.0.v20180409-1502]
[2019-03-10 09:28:45] Installing org.apache.commons.math [2.1.0.v201105210652]
[2019-03-10 09:28:45] Installing org.apache.commons.pool [1.6.0.v201204271246]
[2019-03-10 09:28:45] Installing org.apache.felix.gogo.command [1.0.2.v20170914-1324]
[2019-03-10 09:28:45] Installing org.apache.felix.gogo.runtime [1.1.0.v20180713-1646]
[2019-03-10 09:28:45] Installing org.apache.felix.gogo.shell [1.1.0.v20180713-1646]
[2019-03-10 09:28:45] Installing org.apache.felix.scr [2.0.14.v20180822-1822]
[2019-03-10 09:28:45] Installing org.apache.httpcomponents.httpclient [4.5.5.v20180409-1525]
[2019-03-10 09:28:45] Installing org.apache.httpcomponents.httpclient.win [4.5.5.v20180409-1525]
[2019-03-10 09:28:45] Installing org.apache.httpcomponents.httpcore [4.4.9.v20180409-1525]
[2019-03-10 09:28:45] Installing org.apache.jasper.glassfish [2.2.2.v201501141630]
[2019-03-10 09:28:45] Installing org.apache.log4j [1.2.15.v201012070815]
[2019-03-10 09:28:45] Installing org.apache.lucene.analyzers-common [6.1.0.v20161115-1612]
[2019-03-10 09:28:45] Installing org.apache.lucene.analyzers-smartcn [7.1.0.v20180122-2126]
[2019-03-10 09:28:45] Installing org.apache.lucene.core [3.5.0.v20120725-1805]
[2019-03-10 09:28:45] Installing org.apache.lucene.queryparser [6.1.0.v20161115-1612]
[2019-03-10 09:28:45] Installing org.apache.maven.resolver.api [1.0.3.v20170405-0725]
[2019-03-10 09:28:45] Installing org.apache.maven.resolver.connector.basic [1.0.3.v20170405-0725]
[2019-03-10 09:28:45] Installing org.apache.maven.resolver.impl [1.0.3.v20170405-0725]
[2019-03-10 09:28:45] Installing org.apache.maven.resolver.spi [1.0.3.v20170405-0725]
[2019-03-10 09:28:45] Installing org.apache.maven.resolver.transport.file [1.0.3.v20170405-0725]
[2019-03-10 09:28:45] Installing org.apache.maven.resolver.transport.http [1.0.3.v20170405-0725]
[2019-03-10 09:28:45] Installing org.apache.maven.resolver.util [1.0.3.v20170405-0725]
[2019-03-10 09:28:45] Installing org.apache.solr.client.solrj [3.5.0.v20150506-0844]
[2019-03-10 09:28:45] Installing org.apache.ws.commons.util [1.0.1.v20100518-1140]
[2019-03-10 09:28:45] Installing org.apache.xerces [2.9.0.v201101211617]
[2019-03-10 09:28:45] Installing org.apache.xml.resolver [1.2.0.v201005080400]
[2019-03-10 09:28:45] Installing org.apache.xml.serializer [2.7.1.v201005080400]
[2019-03-10 09:28:45] Installing org.apache.xmlgraphics [2.2.0.v20180809-1640]
[2019-03-10 09:28:45] Installing org.apache.xmlrpc [3.0.0.v20100427-1100]
[2019-03-10 09:28:45] Installing org.apiguardian [1.0.0.v20180327-1502]
[2019-03-10 09:28:45] Installing org.eclipse.aether.maven [3.1.0.v20140706-2237]
[2019-03-10 09:28:45] Installing org.eclipse.ant.core [3.5.200.v20180822-0553]
[2019-03-10 09:28:45] Installing org.eclipse.ant.launching [1.2.200.v20180822-0553]
[2019-03-10 09:28:45] Installing org.eclipse.ant.ui [3.7.200.v20180822-0553]
[2019-03-10 09:28:45] Installing org.eclipse.buildship.branding [2.2.1.v20180125-1441]
[2019-03-10 09:28:45] Installing org.eclipse.buildship.core [2.2.1.v20180125-1441]
[2019-03-10 09:28:45] Installing org.eclipse.buildship.feature.group [2.2.1.v20180125-1441]
[2019-03-10 09:28:45] Installing org.eclipse.buildship.feature.jar [2.2.1.v20180125-1441]
[2019-03-10 09:28:45] Installing org.eclipse.buildship.stsmigration [2.2.1.v20180125-1441]
[2019-03-10 09:28:45] Installing org.eclipse.buildship.ui [2.2.1.v20180125-1441]
[2019-03-10 09:28:45] Installing org.eclipse.compare [3.7.300.v20180827-1041]
[2019-03-10 09:28:45] Installing org.eclipse.compare.core [3.6.300.v20180827-1041]
[2019-03-10 09:28:45] Installing org.eclipse.compare.win32 [1.2.200.v20180827-1041]
[2019-03-10 09:28:45] Installing org.eclipse.core.commands [3.9.200.v20180827-1727]
[2019-03-10 09:28:45] Installing org.eclipse.core.contenttype [3.7.100.v20180817-1401]
[2019-03-10 09:28:45] Installing org.eclipse.core.databinding [1.7.0.v20180827-2028]
[2019-03-10 09:28:45] Installing org.eclipse.core.databinding.beans [1.4.200.v20180827-2028]
[2019-03-10 09:28:45] Installing org.eclipse.core.databinding.observable [1.6.300.v20180827-2028]
[2019-03-10 09:28:45] Installing org.eclipse.core.databinding.property [1.6.300.v20180827-2028]
[2019-03-10 09:28:45] Installing org.eclipse.core.expressions [3.6.200.v20180817-1401]
[2019-03-10 09:28:45] Installing org.eclipse.core.externaltools [1.1.200.v20180821-1744]
[2019-03-10 09:28:45] Installing org.eclipse.core.filebuffers [3.6.300.v20180822-1339]
[2019-03-10 09:28:45] Installing org.eclipse.core.filesystem [1.7.200.v20180828-0158]
[2019-03-10 09:28:45] Installing org.eclipse.core.filesystem.win32.x86_64 [1.4.100.v20180828-0158]
[2019-03-10 09:28:45] Installing org.eclipse.core.jobs [3.10.100.v20180817-1215]
[2019-03-10 09:28:45] Installing org.eclipse.core.net [1.3.300.v20180827-1041]
[2019-03-10 09:28:45] Installing org.eclipse.core.net.win32.x86_64 [1.1.200.v20180827-1041]
[2019-03-10 09:28:45] Installing org.eclipse.core.resources [3.13.100.v20180828-0158]
[2019-03-10 09:28:45] Installing org.eclipse.core.resources.win32.x86_64 [3.5.200.v20180828-0158]
[2019-03-10 09:28:45] Installing org.eclipse.core.runtime [3.15.0.v20180817-1401]
[2019-03-10 09:28:45] Installing org.eclipse.core.variables [3.4.200.v20180821-1744]
[2019-03-10 09:28:45] Installing org.eclipse.debug.core [3.13.0.v20180821-1744]
[2019-03-10 09:28:45] Installing org.eclipse.debug.ui [3.13.100.v20180827-0649]
[2019-03-10 09:28:45] Installing org.eclipse.draw2d [3.10.100.201606061308]
[2019-03-10 09:28:45] Installing org.eclipse.e4.core.commands [0.12.300.v20180828-0227]
[2019-03-10 09:28:45] Installing org.eclipse.e4.core.contexts [1.7.100.v20180817-1215]
[2019-03-10 09:28:45] Installing org.eclipse.e4.core.di [1.7.100.v20180817-1215]
[2019-03-10 09:28:45] Installing org.eclipse.e4.core.di.annotations [1.6.200.v20180817-1215]
[2019-03-10 09:28:45] Installing org.eclipse.e4.core.di.extensions [0.15.200.v20180817-1215]
[2019-03-10 09:28:45] Installing org.eclipse.e4.core.di.extensions.supplier [0.15.200.v20180817-1215]
[2019-03-10 09:28:45] Installing org.eclipse.e4.core.services [2.1.200.v20180817-1215]
[2019-03-10 09:28:45] Installing org.eclipse.e4.emf.xpath [0.2.200.v20180828-0227]
[2019-03-10 09:28:45] Installing org.eclipse.e4.rcp.feature.group [1.6.200.v20180906-1121]
[2019-03-10 09:28:45] Installing org.eclipse.e4.rcp.feature.jar [1.6.200.v20180906-1121]
[2019-03-10 09:28:45] Installing org.eclipse.e4.ui.bindings [0.12.200.v20180828-0227]
[2019-03-10 09:28:45] Installing org.eclipse.e4.ui.css.core [0.12.300.v20180828-0227]
[2019-03-10 09:28:45] Installing org.eclipse.e4.ui.css.swt [0.13.200.v20180828-0227]
[2019-03-10 09:28:45] Installing org.eclipse.e4.ui.css.swt.theme [0.12.100.v20180828-0227]
[2019-03-10 09:28:45] Installing org.eclipse.e4.ui.di [1.2.300.v20180906-1121]
[2019-03-10 09:28:45] Installing org.eclipse.e4.ui.dialogs [1.1.300.v20180828-0227]
[2019-03-10 09:28:45] Installing org.eclipse.e4.ui.model.workbench [2.1.100.v20180904-1914]
[2019-03-10 09:28:45] Installing org.eclipse.e4.ui.services [1.3.200.v20180906-1121]
[2019-03-10 09:28:45] Installing org.eclipse.e4.ui.widgets [1.2.200.v20180828-0227]
[2019-03-10 09:28:45] Installing org.eclipse.e4.ui.workbench [1.7.0.v20180906-1121]
[2019-03-10 09:28:45] Installing org.eclipse.e4.ui.workbench.addons.swt [1.3.200.v20180828-0227]
[2019-03-10 09:28:45] Installing org.eclipse.e4.ui.workbench.renderers.swt [0.14.300.v20180828-0227]
[2019-03-10 09:28:45] Installing org.eclipse.e4.ui.workbench.swt [0.14.300.v20180906-1121]
[2019-03-10 09:28:45] Installing org.eclipse.e4.ui.workbench3 [0.14.200.v20180828-0227]
[2019-03-10 09:28:45] Installing org.eclipse.ecf [3.9.1.v20180801-1752]
[2019-03-10 09:28:45] Installing org.eclipse.ecf.core.feature.feature.group [1.5.1.v20180810-0833]
[2019-03-10 09:28:45] Installing org.eclipse.ecf.core.feature.feature.jar [1.5.1.v20180810-0833]
[2019-03-10 09:28:45] Installing org.eclipse.ecf.core.ssl.feature.feature.group [1.1.100.v20180301-0201]
[2019-03-10 09:28:45] Installing org.eclipse.ecf.core.ssl.feature.feature.jar [1.1.100.v20180301-0201]
[2019-03-10 09:28:45] Installing org.eclipse.ecf.filetransfer [5.0.100.v20180301-0132]
[2019-03-10 09:28:45] Installing org.eclipse.ecf.filetransfer.feature.feature.group [3.14.2.v20180801-2237]
[2019-03-10 09:28:45] Installing org.eclipse.ecf.filetransfer.feature.feature.jar [3.14.2.v20180801-2237]
[2019-03-10 09:28:45] Installing org.eclipse.ecf.filetransfer.httpclient4.feature.feature.group [3.14.2.v20180801-2237]
[2019-03-10 09:28:45] Installing org.eclipse.ecf.filetransfer.httpclient4.feature.feature.jar [3.14.2.v20180801-2237]
[2019-03-10 09:28:45] Installing org.eclipse.ecf.filetransfer.httpclient4.ssl.feature.feature.group [1.1.100.v20180301-0132]
[2019-03-10 09:28:45] Installing org.eclipse.ecf.filetransfer.httpclient4.ssl.feature.feature.jar [1.1.100.v20180301-0132]
[2019-03-10 09:28:45] Installing org.eclipse.ecf.filetransfer.ssl.feature.feature.group [1.1.100.v20180301-0132]
[2019-03-10 09:28:45] Installing org.eclipse.ecf.filetransfer.ssl.feature.feature.jar [1.1.100.v20180301-0132]
[2019-03-10 09:28:45] Installing org.eclipse.ecf.identity [3.9.1.v20180810-0833]
[2019-03-10 09:28:45] Installing org.eclipse.ecf.provider.filetransfer [3.2.400.v20180306-0429]
[2019-03-10 09:28:45] Installing org.eclipse.ecf.provider.filetransfer.httpclient4 [1.1.300.v20180301-0132]
[2019-03-10 09:28:45] Installing org.eclipse.ecf.provider.filetransfer.httpclient4.ssl [1.1.100.v20180301-0132]
[2019-03-10 09:28:45] Installing org.eclipse.ecf.provider.filetransfer.ssl [1.0.100.v20180301-0132]
[2019-03-10 09:28:45] Installing org.eclipse.ecf.ssl [1.2.100.v20180301-0132]
[2019-03-10 09:28:45] Installing org.eclipse.eclemma.core [3.1.1.201809121651]
[2019-03-10 09:28:45] Installing org.eclipse.eclemma.doc [3.1.1.201809121651]
[2019-03-10 09:28:45] Installing org.eclipse.eclemma.feature.feature.group [3.1.1.201809121651]
[2019-03-10 09:28:45] Installing org.eclipse.eclemma.feature.feature.jar [3.1.1.201809121651]
[2019-03-10 09:28:45] Installing org.eclipse.eclemma.ui [3.1.1.201809121651]
[2019-03-10 09:28:45] Installing org.eclipse.egit [5.1.0.201809111528-r]
[2019-03-10 09:28:45] Installing org.eclipse.egit.core [5.1.0.201809111528-r]
[2019-03-10 09:28:45] Installing org.eclipse.egit.doc [5.1.0.201809111528-r]
[2019-03-10 09:28:45] Installing org.eclipse.egit.feature.group [5.1.0.201809111528-r]
[2019-03-10 09:28:45] Installing org.eclipse.egit.feature.jar [5.1.0.201809111528-r]
[2019-03-10 09:28:45] Installing org.eclipse.egit.mylyn.feature.group [5.1.0.201809111528-r]
[2019-03-10 09:28:45] Installing org.eclipse.egit.mylyn.feature.jar [5.1.0.201809111528-r]
[2019-03-10 09:28:45] Installing org.eclipse.egit.mylyn.ui [5.1.0.201809111528-r]
[2019-03-10 09:28:45] Installing org.eclipse.egit.ui [5.1.0.201809111528-r]
[2019-03-10 09:28:45] Installing org.eclipse.emf.common [2.15.0.v20180723-1316]
[2019-03-10 09:28:45] Installing org.eclipse.emf.common.feature.group [2.15.0.v20180723-1316]
[2019-03-10 09:28:45] Installing org.eclipse.emf.common.feature.jar [2.15.0.v20180723-1316]
[2019-03-10 09:28:45] Installing org.eclipse.emf.common.ui [2.14.0.v20180706-1146]
[2019-03-10 09:28:45] Installing org.eclipse.emf.databinding [1.5.0.v20180706-1146]
[2019-03-10 09:28:45] Installing org.eclipse.emf.ecore [2.15.0.v20180722-1159]
[2019-03-10 09:28:45] Installing org.eclipse.emf.ecore.change [2.13.0.v20180706-1146]
[2019-03-10 09:28:45] Installing org.eclipse.emf.ecore.edit [2.11.0.v20180823-0905]
[2019-03-10 09:28:45] Installing org.eclipse.emf.ecore.feature.group [2.15.0.v20180722-1159]
[2019-03-10 09:28:45] Installing org.eclipse.emf.ecore.feature.jar [2.15.0.v20180722-1159]
[2019-03-10 09:28:45] Installing org.eclipse.emf.ecore.xmi [2.15.0.v20180706-1146]
[2019-03-10 09:28:45] Installing org.eclipse.emf.edit [2.14.0.v20180823-0456]
[2019-03-10 09:28:45] Installing org.eclipse.emf.edit.ui [2.15.0.v20180823-0914]
[2019-03-10 09:28:45] Installing org.eclipse.epp.logging.aeri.core [2.0.7.v20180504-0806]
[2019-03-10 09:28:45] Installing org.eclipse.epp.logging.aeri.feature.feature.group [2.0.7.v20180504-0806]
[2019-03-10 09:28:45] Installing org.eclipse.epp.logging.aeri.feature.feature.jar [2.0.7.v20180504-0806]
[2019-03-10 09:28:45] Installing org.eclipse.epp.logging.aeri.ide [2.0.7.v20180504-0806]
[2019-03-10 09:28:45] Installing org.eclipse.epp.mpc.core [1.7.2.v20180829-1931]
[2019-03-10 09:28:45] Installing org.eclipse.epp.mpc.core.win32 [1.7.2.v20180718-2001]
[2019-03-10 09:28:45] Installing org.eclipse.epp.mpc.feature.group [1.7.2.v20180829-1931]
[2019-03-10 09:28:45] Installing org.eclipse.epp.mpc.feature.jar [1.7.2.v20180829-1931]
[2019-03-10 09:28:45] Installing org.eclipse.epp.mpc.help.ui [1.7.2.v20180718-2001]
[2019-03-10 09:28:45] Installing org.eclipse.epp.mpc.ui [1.7.2.v20180718-2001]
[2019-03-10 09:28:45] Installing org.eclipse.epp.mpc.ui.css [1.7.2.v20180718-2001]
[2019-03-10 09:28:45] Installing org.eclipse.epp.package.common [4.9.0.20180917-1800]
[2019-03-10 09:28:45] Installing org.eclipse.epp.package.common.feature.feature.group [4.9.0.20180917-1800]
[2019-03-10 09:28:45] Installing org.eclipse.epp.package.common.feature.feature.jar [4.9.0.20180917-1800]
[2019-03-10 09:28:45] Installing org.eclipse.epp.package.java [4.9.0.20180917-1800]
[2019-03-10 09:28:45] Installing org.eclipse.epp.package.java.feature.feature.group [4.9.0.20180917-1800]
[2019-03-10 09:28:45] Installing org.eclipse.epp.package.java.feature.feature.jar [4.9.0.20180917-1800]
[2019-03-10 09:28:45] Installing org.eclipse.equinox.app [1.3.600.v20180827-1235]
[2019-03-10 09:28:45] Installing org.eclipse.equinox.bidi [1.1.200.v20180827-1235]
[2019-03-10 09:28:45] Installing org.eclipse.equinox.common [3.10.100.v20180827-1235]
[2019-03-10 09:28:45] Installing org.eclipse.equinox.concurrent [1.1.200.v20180827-1235]
[2019-03-10 09:28:45] Installing org.eclipse.equinox.console [1.3.100.v20180827-1235]
[2019-03-10 09:28:45] Installing org.eclipse.equinox.ds [1.5.200.v20180827-1235]
[2019-03-10 09:28:45] Installing org.eclipse.equinox.event [1.4.300.v20180827-1235]
[2019-03-10 09:28:45] Installing org.eclipse.equinox.frameworkadmin [2.1.100.v20180822-1258]
[2019-03-10 09:28:45] Installing org.eclipse.equinox.frameworkadmin.equinox [1.1.100.v20180822-1258]
[2019-03-10 09:28:45] Installing org.eclipse.equinox.http.jetty [3.6.100.v20180827-1235]
[2019-03-10 09:28:45] Installing org.eclipse.equinox.http.registry [1.1.600.v20180827-1235]
[2019-03-10 09:28:45] Installing org.eclipse.equinox.http.servlet [1.5.100.v20180904-1442]
[2019-03-10 09:28:45] Installing org.eclipse.equinox.jsp.jasper [1.1.100.v20180827-1235]
[2019-03-10 09:28:45] Installing org.eclipse.equinox.jsp.jasper.registry [1.1.100.v20180827-1235]
[2019-03-10 09:28:45] Installing org.eclipse.equinox.launcher [1.5.100.v20180827-1352]
[2019-03-10 09:28:45] Installing org.eclipse.equinox.launcher.win32.win32.x86_64 [1.1.800.v20180827-1352]
[2019-03-10 09:28:45] Installing org.eclipse.equinox.p2.artifact.repository [1.2.100.v20180822-1258]
[2019-03-10 09:28:45] Installing org.eclipse.equinox.p2.console [1.1.100.v20180822-1258]
[2019-03-10 09:28:45] Installing org.eclipse.equinox.p2.core [2.5.100.v20180822-1532]
[2019-03-10 09:28:45] Installing org.eclipse.equinox.p2.core.feature.feature.group [1.5.100.v20180829-1443]
[2019-03-10 09:28:45] Installing org.eclipse.equinox.p2.core.feature.feature.jar [1.5.100.v20180829-1443]
[2019-03-10 09:28:45] Installing org.eclipse.equinox.p2.director [2.4.100.v20180822-1258]
[2019-03-10 09:28:45] Installing org.eclipse.equinox.p2.director.app [1.1.200.v20180822-1302]
[2019-03-10 09:28:45] Installing org.eclipse.equinox.p2.directorywatcher [1.2.100.v20180822-1302]
[2019-03-10 09:28:45] Installing org.eclipse.equinox.p2.discovery [1.1.100.v20180822-1302]
[2019-03-10 09:28:45] Installing org.eclipse.equinox.p2.discovery.compatibility [1.1.100.v20180822-1302]
[2019-03-10 09:28:45] Installing org.eclipse.equinox.p2.discovery.feature.feature.group [1.2.100.v20180822-1357]
[2019-03-10 09:28:45] Installing org.eclipse.equinox.p2.discovery.feature.feature.jar [1.2.100.v20180822-1357]
[2019-03-10 09:28:45] Installing org.eclipse.equinox.p2.engine [2.6.100.v20180822-1302]
[2019-03-10 09:28:45] Installing org.eclipse.equinox.p2.extensionlocation [1.3.100.v20180822-1302]
[2019-03-10 09:28:45] Installing org.eclipse.equinox.p2.extras.feature.feature.group [1.4.100.v20180829-1443]
[2019-03-10 09:28:45] Installing org.eclipse.equinox.p2.extras.feature.feature.jar [1.4.100.v20180829-1443]
[2019-03-10 09:28:45] Installing org.eclipse.equinox.p2.garbagecollector [1.1.100.v20180822-1302]
[2019-03-10 09:28:45] Installing org.eclipse.equinox.p2.jarprocessor [1.1.100.v20180822-1302]
[2019-03-10 09:28:45] Installing org.eclipse.equinox.p2.metadata [2.4.100.v20180822-1302]
[2019-03-10 09:28:45] Installing org.eclipse.equinox.p2.metadata.repository [1.3.100.v20180822-1302]
[2019-03-10 09:28:45] Installing org.eclipse.equinox.p2.operations [2.5.100.v20180822-1302]
[2019-03-10 09:28:45] Installing org.eclipse.equinox.p2.publisher [1.5.100.v20180822-1302]
[2019-03-10 09:28:45] Installing org.eclipse.equinox.p2.publisher.eclipse [1.3.100.v20180822-1354]
[2019-03-10 09:28:45] Installing org.eclipse.equinox.p2.rcp.feature.feature.group [1.4.100.v20180829-1443]
[2019-03-10 09:28:45] Installing org.eclipse.equinox.p2.rcp.feature.feature.jar [1.4.100.v20180829-1443]
[2019-03-10 09:28:45] Installing org.eclipse.equinox.p2.reconciler.dropins [1.2.100.v20180822-1354]
[2019-03-10 09:28:45] Installing org.eclipse.equinox.p2.repository [2.4.100.v20180822-1354]
[2019-03-10 09:28:45] Installing org.eclipse.equinox.p2.repository.tools [2.2.100.v20180822-1354]
[2019-03-10 09:28:45] Installing org.eclipse.equinox.p2.touchpoint.eclipse [2.2.100.v20180822-1354]
[2019-03-10 09:28:45] Installing org.eclipse.equinox.p2.touchpoint.natives [1.3.100.v20180822-1354]
[2019-03-10 09:28:45] Installing org.eclipse.equinox.p2.transport.ecf [1.2.100.v20180822-1354]
[2019-03-10 09:28:45] Installing org.eclipse.equinox.p2.ui [2.5.200.v20180822-1357]
[2019-03-10 09:28:45] Installing org.eclipse.equinox.p2.ui.discovery [1.1.100.v20180822-1357]
[2019-03-10 09:28:45] Installing org.eclipse.equinox.p2.ui.importexport [1.2.100.v20180827-1122]
[2019-03-10 09:28:45] Installing org.eclipse.equinox.p2.ui.sdk [1.1.100.v20180827-1122]
[2019-03-10 09:28:45] Installing org.eclipse.equinox.p2.ui.sdk.scheduler [1.4.100.v20180827-1122]
[2019-03-10 09:28:45] Installing org.eclipse.equinox.p2.updatechecker [1.2.100.v20180827-1122]
[2019-03-10 09:28:45] Installing org.eclipse.equinox.p2.updatesite [1.1.100.v20180827-1122]
[2019-03-10 09:28:45] Installing org.eclipse.equinox.p2.user.ui.feature.group [2.4.100.v20180829-1443]
[2019-03-10 09:28:45] Installing org.eclipse.equinox.p2.user.ui.feature.jar [2.4.100.v20180829-1443]
[2019-03-10 09:28:45] Installing org.eclipse.equinox.preferences [3.7.200.v20180827-1235]
[2019-03-10 09:28:45] Installing org.eclipse.equinox.registry [3.8.100.v20180827-1235]
[2019-03-10 09:28:45] Installing org.eclipse.equinox.security [1.2.500.v20180827-1235]
[2019-03-10 09:28:45] Installing org.eclipse.equinox.security.ui [1.2.100.v20180827-1235]
[2019-03-10 09:28:45] Installing org.eclipse.equinox.security.win32.x86_64 [1.1.100.v20180827-1235]
[2019-03-10 09:28:45] Installing org.eclipse.equinox.simpleconfigurator [1.3.100.v20180827-1122]
[2019-03-10 09:28:45] Installing org.eclipse.equinox.simpleconfigurator.manipulator [2.1.100.v20180827-1122]
[2019-03-10 09:28:45] Installing org.eclipse.equinox.util [1.1.100.v20180827-1235]
[2019-03-10 09:28:45] Installing org.eclipse.gef [3.11.0.201606061308]
[2019-03-10 09:28:45] Installing org.eclipse.help [3.8.200.v20180821-0700]
[2019-03-10 09:28:45] Installing org.eclipse.help.base [4.2.300.v20180906-0745]
[2019-03-10 09:28:45] Installing org.eclipse.help.feature.group [2.2.300.v20180906-0745]
[2019-03-10 09:28:45] Installing org.eclipse.help.feature.jar [2.2.300.v20180906-0745]
[2019-03-10 09:28:45] Installing org.eclipse.help.ui [4.1.200.v20180821-0700]
[2019-03-10 09:28:45] Installing org.eclipse.help.webapp [3.9.200.v20180821-0700]
[2019-03-10 09:28:45] Installing org.eclipse.jdt [3.15.0.v20180906-0745]
[2019-03-10 09:28:45] Installing org.eclipse.jdt.annotation [1.1.300.v20180905-0314]
[2019-03-10 09:28:45] Installing org.eclipse.jdt.apt.core [3.6.100.v20180905-0315]
[2019-03-10 09:28:45] Installing org.eclipse.jdt.apt.pluggable.core [1.2.200.v20180905-0315]
[2019-03-10 09:28:45] Installing org.eclipse.jdt.apt.ui [3.6.100.v20180905-0315]
[2019-03-10 09:28:45] Installing org.eclipse.jdt.compiler.apt [1.3.300.v20180905-0315]
[2019-03-10 09:28:45] Installing org.eclipse.jdt.compiler.tool [1.2.300.v20180905-0319]
[2019-03-10 09:28:45] Installing org.eclipse.jdt.core [3.15.0.v20180905-0317]
[2019-03-10 09:28:45] Installing org.eclipse.jdt.core.manipulation [1.10.100.v20180829-0618]
[2019-03-10 09:28:45] Installing org.eclipse.jdt.debug [3.12.0.v20180827-1040]
[2019-03-10 09:28:45] Installing org.eclipse.jdt.debug.ui [3.10.0.v20180827-1040]
[2019-03-10 09:28:45] Installing org.eclipse.jdt.doc.user [3.15.0.v20180905-1254]
[2019-03-10 09:28:45] Installing org.eclipse.jdt.feature.group [3.15.0.v20180906-0745]
[2019-03-10 09:28:45] Installing org.eclipse.jdt.feature.jar [3.15.0.v20180906-0745]
[2019-03-10 09:28:45] Installing org.eclipse.jdt.junit [3.11.100.v20180829-0645]
[2019-03-10 09:28:45] Installing org.eclipse.jdt.junit.core [3.10.100.v20180829-0645]
[2019-03-10 09:28:45] Installing org.eclipse.jdt.junit.runtime [3.4.800.v20180829-0645]
[2019-03-10 09:28:45] Installing org.eclipse.jdt.junit4.runtime [1.1.800.v20180829-0645]
[2019-03-10 09:28:45] Installing org.eclipse.jdt.junit5.runtime [1.0.200.v20180829-0645]
[2019-03-10 09:28:45] Installing org.eclipse.jdt.launching [3.11.0.v20180827-1040]
[2019-03-10 09:28:45] Installing org.eclipse.jdt.ui [3.15.0.v20180829-2215]
[2019-03-10 09:28:45] Installing org.eclipse.jem.util [2.1.201.v201707201954]
[2019-03-10 09:28:45] Installing org.eclipse.jetty.continuation [9.4.11.v20180605]
[2019-03-10 09:28:45] Installing org.eclipse.jetty.http [9.4.11.v20180605]
[2019-03-10 09:28:45] Installing org.eclipse.jetty.io [9.4.11.v20180605]
[2019-03-10 09:28:45] Installing org.eclipse.jetty.security [9.4.11.v20180605]
[2019-03-10 09:28:45] Installing org.eclipse.jetty.server [9.4.11.v20180605]
[2019-03-10 09:28:45] Installing org.eclipse.jetty.servlet [9.4.11.v20180605]
[2019-03-10 09:28:45] Installing org.eclipse.jetty.util [9.4.11.v20180605]
[2019-03-10 09:28:45] Installing org.eclipse.jface [3.14.100.v20180828-0836]
[2019-03-10 09:28:45] Installing org.eclipse.jface.databinding [1.8.300.v20180828-0836]
[2019-03-10 09:28:45] Installing org.eclipse.jface.text [3.14.0.v20180824-1140]
[2019-03-10 09:28:45] Installing org.eclipse.jgit [5.1.0.201809111528-r]
[2019-03-10 09:28:45] Installing org.eclipse.jgit.archive [5.1.0.201809111528-r]
[2019-03-10 09:28:45] Installing org.eclipse.jgit.feature.group [5.1.0.201809111528-r]
[2019-03-10 09:28:45] Installing org.eclipse.jgit.feature.jar [5.1.0.201809111528-r]
[2019-03-10 09:28:45] Installing org.eclipse.jsch.core [1.3.200.v20180827-1041]
[2019-03-10 09:28:45] Installing org.eclipse.jsch.ui [1.3.200.v20180827-1041]
[2019-03-10 09:28:45] Installing org.eclipse.ltk.core.refactoring [3.9.100.v20180828-0626]
[2019-03-10 09:28:45] Installing org.eclipse.ltk.ui.refactoring [3.9.200.v20180828-0626]
[2019-03-10 09:28:45] Installing org.eclipse.m2e.archetype.common [1.9.1.20180912-1600]
[2019-03-10 09:28:45] Installing org.eclipse.m2e.binaryproject [1.9.1.20180912-1601]
[2019-03-10 09:28:45] Installing org.eclipse.m2e.binaryproject.ui [1.9.1.20180912-1601]
[2019-03-10 09:28:45] Installing org.eclipse.m2e.core [1.9.1.20180912-1601]
[2019-03-10 09:28:45] Installing org.eclipse.m2e.core.ui [1.9.1.20180912-1601]
[2019-03-10 09:28:45] Installing org.eclipse.m2e.discovery [1.9.1.20180912-1601]
[2019-03-10 09:28:45] Installing org.eclipse.m2e.editor [1.9.1.20180912-1601]
[2019-03-10 09:28:45] Installing org.eclipse.m2e.editor.xml [1.9.1.20180912-1601]
[2019-03-10 09:28:45] Installing org.eclipse.m2e.feature.feature.group [1.9.1.20180912-1601]
[2019-03-10 09:28:45] Installing org.eclipse.m2e.feature.feature.jar [1.9.1.20180912-1601]
[2019-03-10 09:28:45] Installing org.eclipse.m2e.importer [1.9.1.20180912-1601]
[2019-03-10 09:28:45] Installing org.eclipse.m2e.jdt [1.9.1.20180912-1601]
[2019-03-10 09:28:45] Installing org.eclipse.m2e.jdt.ui [1.9.1.20180912-1601]
[2019-03-10 09:28:45] Installing org.eclipse.m2e.launching [1.9.1.20180912-1601]
[2019-03-10 09:28:45] Installing org.eclipse.m2e.lifecyclemapping.defaults [1.9.1.20180912-1601]
[2019-03-10 09:28:45] Installing org.eclipse.m2e.logback.appender [1.9.1.20180912-1601]
[2019-03-10 09:28:45] Installing org.eclipse.m2e.logback.configuration [1.9.1.20180912-1601]
[2019-03-10 09:28:45] Installing org.eclipse.m2e.logback.feature.feature.group [1.9.1.20180912-1601]
[2019-03-10 09:28:45] Installing org.eclipse.m2e.logback.feature.feature.jar [1.9.1.20180912-1601]
[2019-03-10 09:28:45] Installing org.eclipse.m2e.maven.indexer [1.9.1.20180912-1600]
[2019-03-10 09:28:45] Installing org.eclipse.m2e.maven.runtime [1.9.1.20180912-1600]
[2019-03-10 09:28:45] Installing org.eclipse.m2e.maven.runtime.slf4j.simple [1.9.1.20180912-1600]
[2019-03-10 09:28:45] Installing org.eclipse.m2e.model.edit [1.9.1.20180912-1601]
[2019-03-10 09:28:45] Installing org.eclipse.m2e.profiles.core [1.9.1.20180912-1601]
[2019-03-10 09:28:46] Installing org.eclipse.m2e.profiles.ui [1.9.1.20180912-1601]
[2019-03-10 09:28:46] Installing org.eclipse.m2e.refactoring [1.9.1.20180912-1601]
[2019-03-10 09:28:46] Installing org.eclipse.m2e.scm [1.9.1.20180912-1601]
[2019-03-10 09:28:46] Installing org.eclipse.m2e.sourcelookup [1.9.1.20180912-1601]
[2019-03-10 09:28:46] Installing org.eclipse.m2e.sourcelookup.ui [1.9.1.20180912-1601]
[2019-03-10 09:28:46] Installing org.eclipse.m2e.workspace.cli [0.3.1]
[2019-03-10 09:28:46] Installing org.eclipse.mylyn.bugzilla.core [3.24.2.v20180905-0003]
[2019-03-10 09:28:46] Installing org.eclipse.mylyn.bugzilla.ide [3.24.2.v20180905-0014]
[2019-03-10 09:28:46] Installing org.eclipse.mylyn.bugzilla.ui [3.24.2.v20180905-0003]
[2019-03-10 09:28:46] Installing org.eclipse.mylyn.bugzilla_feature.feature.group [3.24.2.v20180905-0003]
[2019-03-10 09:28:46] Installing org.eclipse.mylyn.bugzilla_feature.feature.jar [3.24.2.v20180905-0003]
[2019-03-10 09:28:46] Installing org.eclipse.mylyn.builds.core [1.16.0.v20170629-2231]
[2019-03-10 09:28:46] Installing org.eclipse.mylyn.builds.feature.group [1.16.0.v20180905-1907]
[2019-03-10 09:28:46] Installing org.eclipse.mylyn.builds.feature.jar [1.16.0.v20180905-1907]
[2019-03-10 09:28:46] Installing org.eclipse.mylyn.builds.ui [1.16.0.v20170629-2231]
[2019-03-10 09:28:46] Installing org.eclipse.mylyn.commons.core [3.24.2.v20180904-2231]
[2019-03-10 09:28:46] Installing org.eclipse.mylyn.commons.feature.group [3.24.2.v20180904-2231]
[2019-03-10 09:28:46] Installing org.eclipse.mylyn.commons.feature.jar [3.24.2.v20180904-2231]
[2019-03-10 09:28:46] Installing org.eclipse.mylyn.commons.identity.core [1.16.0.v20180904-2231]
[2019-03-10 09:28:46] Installing org.eclipse.mylyn.commons.identity.feature.group [1.16.0.v20180904-2231]
[2019-03-10 09:28:46] Installing org.eclipse.mylyn.commons.identity.feature.jar [1.16.0.v20180904-2231]
[2019-03-10 09:28:46] Installing org.eclipse.mylyn.commons.net [3.24.2.v20180904-2231]
[2019-03-10 09:28:46] Installing org.eclipse.mylyn.commons.notifications.core [1.16.0.v20180904-2231]
[2019-03-10 09:28:46] Installing org.eclipse.mylyn.commons.notifications.feature.group [1.16.0.v20180904-2231]
[2019-03-10 09:28:46] Installing org.eclipse.mylyn.commons.notifications.feature.jar [1.16.0.v20180904-2231]
[2019-03-10 09:28:46] Installing org.eclipse.mylyn.commons.notifications.feed [1.16.0.v20180904-2231]
[2019-03-10 09:28:46] Installing org.eclipse.mylyn.commons.notifications.ui [1.16.0.v20180904-2231]
[2019-03-10 09:28:46] Installing org.eclipse.mylyn.commons.repositories.core [1.16.0.v20180904-2231]
[2019-03-10 09:28:46] Installing org.eclipse.mylyn.commons.repositories.feature.group [1.16.0.v20180904-2231]
[2019-03-10 09:28:46] Installing org.eclipse.mylyn.commons.repositories.feature.jar [1.16.0.v20180904-2231]
[2019-03-10 09:28:46] Installing org.eclipse.mylyn.commons.repositories.http.core [1.16.0.v20180904-2231]
[2019-03-10 09:28:46] Installing org.eclipse.mylyn.commons.repositories.http.feature.group [1.16.0.v20180904-2231]
[2019-03-10 09:28:46] Installing org.eclipse.mylyn.commons.repositories.http.feature.jar [1.16.0.v20180904-2231]
[2019-03-10 09:28:46] Installing org.eclipse.mylyn.commons.repositories.ui [1.16.0.v20180904-2231]
[2019-03-10 09:28:46] Installing org.eclipse.mylyn.commons.screenshots [3.24.2.v20180904-2231]
[2019-03-10 09:28:46] Installing org.eclipse.mylyn.commons.ui [3.24.2.v20180904-2231]
[2019-03-10 09:28:46] Installing org.eclipse.mylyn.commons.workbench [3.24.2.v20180904-2231]
[2019-03-10 09:28:46] Installing org.eclipse.mylyn.commons.xmlrpc [3.24.2.v20180904-2231]
[2019-03-10 09:28:46] Installing org.eclipse.mylyn.context.core [3.24.2.v20180905-0014]
[2019-03-10 09:28:46] Installing org.eclipse.mylyn.context.tasks.ui [3.24.2.v20180905-0014]
[2019-03-10 09:28:46] Installing org.eclipse.mylyn.context.ui [3.24.2.v20180905-0014]
[2019-03-10 09:28:46] Installing org.eclipse.mylyn.context_feature.feature.group [3.24.2.v20180905-0014]
[2019-03-10 09:28:46] Installing org.eclipse.mylyn.context_feature.feature.jar [3.24.2.v20180905-0014]
[2019-03-10 09:28:46] Installing org.eclipse.mylyn.debug.ui [3.24.2.v20180905-0014]
[2019-03-10 09:28:46] Installing org.eclipse.mylyn.discovery.core [3.24.2.v20180904-2231]
[2019-03-10 09:28:46] Installing org.eclipse.mylyn.discovery.feature.group [3.24.2.v20180904-2231]
[2019-03-10 09:28:46] Installing org.eclipse.mylyn.discovery.feature.jar [3.24.2.v20180904-2231]
[2019-03-10 09:28:46] Installing org.eclipse.mylyn.discovery.ui [3.24.2.v20180904-2231]
[2019-03-10 09:28:46] Installing org.eclipse.mylyn.git.core [1.16.0.v20170629-1738]
[2019-03-10 09:28:46] Installing org.eclipse.mylyn.git.feature.group [1.16.0.v20170629-1738]
[2019-03-10 09:28:46] Installing org.eclipse.mylyn.git.feature.jar [1.16.0.v20170629-1738]
[2019-03-10 09:28:46] Installing org.eclipse.mylyn.git.ui [1.16.0.v20170629-1738]
[2019-03-10 09:28:46] Installing org.eclipse.mylyn.help.ui [3.24.2.v20180905-0003]
[2019-03-10 09:28:46] Installing org.eclipse.mylyn.hudson.core [1.16.0.v20180403-2055]
[2019-03-10 09:28:46] Installing org.eclipse.mylyn.hudson.feature.group [1.16.0.v20180403-2055]
[2019-03-10 09:28:46] Installing org.eclipse.mylyn.hudson.feature.jar [1.16.0.v20180403-2055]
[2019-03-10 09:28:46] Installing org.eclipse.mylyn.hudson.ui [1.16.0.v20170629-2231]
[2019-03-10 09:28:46] Installing org.eclipse.mylyn.ide.ant [3.24.2.v20180905-0014]
[2019-03-10 09:28:46] Installing org.eclipse.mylyn.ide.ui [3.24.2.v20180905-0014]
[2019-03-10 09:28:46] Installing org.eclipse.mylyn.ide_feature.feature.group [3.24.2.v20180905-0014]
[2019-03-10 09:28:46] Installing org.eclipse.mylyn.ide_feature.feature.jar [3.24.2.v20180905-0014]
[2019-03-10 09:28:46] Installing org.eclipse.mylyn.java.tasks [3.24.2.v20180905-0014]
[2019-03-10 09:28:46] Installing org.eclipse.mylyn.java.ui [3.24.2.v20180905-0014]
[2019-03-10 09:28:46] Installing org.eclipse.mylyn.java_feature.feature.group [3.24.2.v20180905-0014]
[2019-03-10 09:28:46] Installing org.eclipse.mylyn.java_feature.feature.jar [3.24.2.v20180905-0014]
[2019-03-10 09:28:46] Installing org.eclipse.mylyn.monitor.core [3.24.2.v20180904-2231]
[2019-03-10 09:28:46] Installing org.eclipse.mylyn.monitor.feature.group [3.24.2.v20180904-2231]
[2019-03-10 09:28:46] Installing org.eclipse.mylyn.monitor.feature.jar [3.24.2.v20180904-2231]
[2019-03-10 09:28:46] Installing org.eclipse.mylyn.monitor.ui [3.24.2.v20180904-2231]
[2019-03-10 09:28:46] Installing org.eclipse.mylyn.resources.ui [3.24.2.v20180905-0014]
[2019-03-10 09:28:46] Installing org.eclipse.mylyn.tasks.bugs [3.24.2.v20180905-0003]
[2019-03-10 09:28:46] Installing org.eclipse.mylyn.tasks.core [3.24.2.v20180905-0003]
[2019-03-10 09:28:46] Installing org.eclipse.mylyn.tasks.ide.feature.group [3.24.2.v20180905-0003]
[2019-03-10 09:28:46] Installing org.eclipse.mylyn.tasks.ide.feature.jar [3.24.2.v20180905-0003]
[2019-03-10 09:28:46] Installing org.eclipse.mylyn.tasks.index.core [3.24.2.v20180905-0003]
[2019-03-10 09:28:46] Installing org.eclipse.mylyn.tasks.index.ui [3.24.2.v20180905-0003]
[2019-03-10 09:28:46] Installing org.eclipse.mylyn.tasks.search [3.24.2.v20180905-0003]
[2019-03-10 09:28:46] Installing org.eclipse.mylyn.tasks.ui [3.24.2.v20180905-0003]
[2019-03-10 09:28:46] Installing org.eclipse.mylyn.team.ui [3.24.2.v20180905-0014]
[2019-03-10 09:28:46] Installing org.eclipse.mylyn.team_feature.feature.group [3.24.2.v20180905-0014]
[2019-03-10 09:28:46] Installing org.eclipse.mylyn.team_feature.feature.jar [3.24.2.v20180905-0014]
[2019-03-10 09:28:46] Installing org.eclipse.mylyn.versions.core [1.16.0.v20170629-1738]
[2019-03-10 09:28:46] Installing org.eclipse.mylyn.versions.feature.group [1.16.0.v20170629-1738]
[2019-03-10 09:28:46] Installing org.eclipse.mylyn.versions.feature.jar [1.16.0.v20170629-1738]
[2019-03-10 09:28:46] Installing org.eclipse.mylyn.versions.ui [1.16.0.v20170629-1738]
[2019-03-10 09:28:46] Installing org.eclipse.mylyn.wikitext [3.0.25.20180620133858]
[2019-03-10 09:28:46] Installing org.eclipse.mylyn.wikitext.ant [3.0.25.20180620133858]
[2019-03-10 09:28:46] Installing org.eclipse.mylyn.wikitext.asciidoc [3.0.25.20180620133858]
[2019-03-10 09:28:46] Installing org.eclipse.mylyn.wikitext.asciidoc.ui [3.0.25.201806201740]
[2019-03-10 09:28:46] Installing org.eclipse.mylyn.wikitext.confluence [3.0.25.20180620133858]
[2019-03-10 09:28:46] Installing org.eclipse.mylyn.wikitext.confluence.ui [3.0.25.201806201740]
[2019-03-10 09:28:46] Installing org.eclipse.mylyn.wikitext.context.ui [3.0.25.201806201740]
[2019-03-10 09:28:46] Installing org.eclipse.mylyn.wikitext.editors_feature.feature.group [3.0.25.201806201740]
[2019-03-10 09:28:46] Installing org.eclipse.mylyn.wikitext.editors_feature.feature.jar [3.0.25.201806201740]
[2019-03-10 09:28:46] Installing org.eclipse.mylyn.wikitext.help.ui [3.0.25.201806201740]
[2019-03-10 09:28:46] Installing org.eclipse.mylyn.wikitext.html [3.0.25.20180620133858]
[2019-03-10 09:28:46] Installing org.eclipse.mylyn.wikitext.markdown [3.0.25.20180620133858]
[2019-03-10 09:28:46] Installing org.eclipse.mylyn.wikitext.markdown.ui [3.0.25.201806201740]
[2019-03-10 09:28:46] Installing org.eclipse.mylyn.wikitext.mediawiki [3.0.25.20180620133858]
[2019-03-10 09:28:46] Installing org.eclipse.mylyn.wikitext.mediawiki.ui [3.0.25.201806201740]
[2019-03-10 09:28:46] Installing org.eclipse.mylyn.wikitext.osgi [3.0.25.201806201740]
[2019-03-10 09:28:46] Installing org.eclipse.mylyn.wikitext.tasks.ui [3.0.25.201806201740]
[2019-03-10 09:28:46] Installing org.eclipse.mylyn.wikitext.textile [3.0.25.20180620133858]
[2019-03-10 09:28:46] Installing org.eclipse.mylyn.wikitext.textile.ui [3.0.25.201806201740]
[2019-03-10 09:28:46] Installing org.eclipse.mylyn.wikitext.tracwiki [3.0.25.20180620133858]
[2019-03-10 09:28:46] Installing org.eclipse.mylyn.wikitext.tracwiki.ui [3.0.25.201806201740]
[2019-03-10 09:28:46] Installing org.eclipse.mylyn.wikitext.twiki [3.0.25.20180620133858]
[2019-03-10 09:28:46] Installing org.eclipse.mylyn.wikitext.twiki.ui [3.0.25.201806201740]
[2019-03-10 09:28:46] Installing org.eclipse.mylyn.wikitext.ui [3.0.25.201806201740]
[2019-03-10 09:28:46] Installing org.eclipse.mylyn.wikitext_feature.feature.group [3.0.25.201806201740]
[2019-03-10 09:28:46] Installing org.eclipse.mylyn.wikitext_feature.feature.jar [3.0.25.201806201740]
[2019-03-10 09:28:46] Installing org.eclipse.mylyn_feature.feature.group [3.24.2.v20180905-0003]
[2019-03-10 09:28:46] Installing org.eclipse.mylyn_feature.feature.jar [3.24.2.v20180905-0003]
[2019-03-10 09:28:46] Installing org.eclipse.nebula.widgets.tablecombo [1.2.0.201901181114]
[2019-03-10 09:28:46] Installing org.eclipse.oomph.base [1.10.0.v20180706-1242]
[2019-03-10 09:28:46] Installing org.eclipse.oomph.base.edit [1.10.0.v20180706-1242]
[2019-03-10 09:28:46] Installing org.eclipse.oomph.extractor.lib [1.5.0.v20180706-1242]
[2019-03-10 09:28:46] Installing org.eclipse.oomph.jreinfo [1.10.0.v20180706-1242]
[2019-03-10 09:28:46] Installing org.eclipse.oomph.jreinfo.ui [1.10.0.v20180706-1242]
[2019-03-10 09:28:46] Installing org.eclipse.oomph.jreinfo.win32.x86_64 [1.4.0.v20180706-1242]
[2019-03-10 09:28:46] Installing org.eclipse.oomph.p2 [1.10.0.v20180706-1242]
[2019-03-10 09:28:46] Installing org.eclipse.oomph.p2.core [1.11.0.v20181203-0741]
[2019-03-10 09:28:46] Installing org.eclipse.oomph.p2.doc [1.10.0.v20180706-1242]
[2019-03-10 09:28:46] Installing org.eclipse.oomph.p2.edit [1.10.0.v20180706-1242]
[2019-03-10 09:28:46] Installing org.eclipse.oomph.p2.feature.group [1.11.0.v20181203-0741]
[2019-03-10 09:28:46] Installing org.eclipse.oomph.p2.feature.jar [1.11.0.v20181203-0741]
[2019-03-10 09:28:46] Installing org.eclipse.oomph.p2.ui [1.10.0.v20180829-1028]
[2019-03-10 09:28:46] Installing org.eclipse.oomph.predicates [1.10.0.v20180706-1242]
[2019-03-10 09:28:46] Installing org.eclipse.oomph.predicates.edit [1.10.0.v20180706-1242]
[2019-03-10 09:28:46] Installing org.eclipse.oomph.preferences [1.10.0.v20180706-1242]
[2019-03-10 09:28:46] Installing org.eclipse.oomph.resources [1.10.0.v20180828-0657]
[2019-03-10 09:28:46] Installing org.eclipse.oomph.resources.edit [1.10.0.v20180706-1242]
[2019-03-10 09:28:46] Installing org.eclipse.oomph.setup [1.12.0.v20190206-0943]
[2019-03-10 09:28:46] Installing org.eclipse.oomph.setup.core [1.12.0.v20190206-0651]
[2019-03-10 09:28:46] Installing org.eclipse.oomph.setup.core.feature.group [1.12.0.v20190206-0943]
[2019-03-10 09:28:46] Installing org.eclipse.oomph.setup.core.feature.jar [1.12.0.v20190206-0943]
[2019-03-10 09:28:46] Installing org.eclipse.oomph.setup.doc [1.10.0.v20180706-1242]
[2019-03-10 09:28:46] Installing org.eclipse.oomph.setup.edit [1.12.0.v20190206-0943]
[2019-03-10 09:28:46] Installing org.eclipse.oomph.setup.editor [1.12.0.v20190206-0943]
[2019-03-10 09:28:46] Installing org.eclipse.oomph.setup.feature.group [1.12.0.v20190206-0943]
[2019-03-10 09:28:46] Installing org.eclipse.oomph.setup.feature.jar [1.12.0.v20190206-0943]
[2019-03-10 09:28:46] Installing org.eclipse.oomph.setup.p2 [1.10.0.v20180706-1242]
[2019-03-10 09:28:46] Installing org.eclipse.oomph.setup.p2.edit [1.10.0.v20180706-1242]
[2019-03-10 09:28:46] Installing org.eclipse.oomph.setup.sync [1.10.0.v20180706-1242]
[2019-03-10 09:28:46] Installing org.eclipse.oomph.setup.ui [1.12.0.v20190206-0943]
[2019-03-10 09:28:46] Installing org.eclipse.oomph.setup.ui.questionnaire [1.10.0.v20180706-1242]
[2019-03-10 09:28:46] Installing org.eclipse.oomph.ui [1.10.0.v20181120-0728]
[2019-03-10 09:28:46] Installing org.eclipse.oomph.util [1.11.0.v20190115-0558]
[2019-03-10 09:28:46] Installing org.eclipse.oomph.workingsets [1.10.0.v20180706-1242]
[2019-03-10 09:28:46] Installing org.eclipse.oomph.workingsets.edit [1.10.0.v20180706-1242]
[2019-03-10 09:28:46] Installing org.eclipse.oomph.workingsets.editor [1.10.0.v20180904-1112]
[2019-03-10 09:28:46] Installing org.eclipse.osgi [3.13.100.v20180827-1536]
[2019-03-10 09:28:46] Installing org.eclipse.osgi.compatibility.state [1.1.200.v20180827-1536]
[2019-03-10 09:28:46] Installing org.eclipse.osgi.services [3.7.100.v20180827-1536]
[2019-03-10 09:28:46] Installing org.eclipse.osgi.util [3.5.100.v20180827-1536]
[2019-03-10 09:28:46] Installing org.eclipse.platform [4.9.0.v20180906-0745]
[2019-03-10 09:28:46] Installing org.eclipse.platform.doc.user [4.9.0.v20180905-1254]
[2019-03-10 09:28:46] Installing org.eclipse.platform.feature.group [4.9.0.v20180906-1121]
[2019-03-10 09:28:46] Installing org.eclipse.platform.feature.jar [4.9.0.v20180906-1121]
[2019-03-10 09:28:46] Installing org.eclipse.platform.ide [4.9.0.I20180906-0745]
[2019-03-10 09:28:46] Installing org.eclipse.platform.ide.executable.win32.win32.x86_64 [4.9.0.I20180906-0745]
[2019-03-10 09:28:46] Installing org.eclipse.platform.ide.executable.win32.win32.x86_64.eclipse [4.9.0.I20180906-0745]
[2019-03-10 09:28:46] Installing org.eclipse.platform_root [4.9.0.v20180906-1121]
[2019-03-10 09:28:46] Installing org.eclipse.rcp [4.9.100.v20180906-0745]
[2019-03-10 09:28:46] Installing org.eclipse.rcp.feature.group [4.9.0.v20180906-1121]
[2019-03-10 09:28:46] Installing org.eclipse.rcp.feature.jar [4.9.0.v20180906-1121]
[2019-03-10 09:28:46] Installing org.eclipse.rcp_root [4.9.0.v20180906-1121]
[2019-03-10 09:28:46] Installing org.eclipse.recommenders.apidocs [2.5.4.v20180909-1132]
[2019-03-10 09:28:46] Installing org.eclipse.recommenders.apidocs.rcp [2.5.4.v20180909-1132]
[2019-03-10 09:28:46] Installing org.eclipse.recommenders.calls [2.5.4.v20180909-1132]
[2019-03-10 09:28:46] Installing org.eclipse.recommenders.calls.rcp [2.5.4.v20180909-1132]
[2019-03-10 09:28:46] Installing org.eclipse.recommenders.chain.rcp [2.5.4.v20180909-1132]
[2019-03-10 09:28:46] Installing org.eclipse.recommenders.completion.rcp [2.5.4.v20180909-1132]
[2019-03-10 09:28:46] Installing org.eclipse.recommenders.constructors [2.5.4.v20180909-1132]
[2019-03-10 09:28:46] Installing org.eclipse.recommenders.constructors.rcp [2.5.4.v20180909-1132]
[2019-03-10 09:28:46] Installing org.eclipse.recommenders.coordinates [2.5.4.v20180909-1132]
[2019-03-10 09:28:46] Installing org.eclipse.recommenders.coordinates.rcp [2.5.4.v20180909-1132]
[2019-03-10 09:28:46] Installing org.eclipse.recommenders.injection [2.5.4.v20180909-1132]
[2019-03-10 09:28:46] Installing org.eclipse.recommenders.jayes [2.5.4.v20180909-1132]
[2019-03-10 09:28:46] Installing org.eclipse.recommenders.jayes.io [2.5.4.v20180909-1132]
[2019-03-10 09:28:46] Installing org.eclipse.recommenders.jdt [2.5.4.v20180909-1132]
[2019-03-10 09:28:46] Installing org.eclipse.recommenders.models [2.5.4.v20180909-1132]
[2019-03-10 09:28:46] Installing org.eclipse.recommenders.models.rcp [2.5.4.v20180909-1132]
[2019-03-10 09:28:46] Installing org.eclipse.recommenders.mylyn.rcp [2.5.4.v20180909-1132]
[2019-03-10 09:28:46] Installing org.eclipse.recommenders.mylyn.rcp.feature.feature.group [2.5.4.v20180909-1132]
[2019-03-10 09:28:46] Installing org.eclipse.recommenders.mylyn.rcp.feature.feature.jar [2.5.4.v20180909-1132]
[2019-03-10 09:28:46] Installing org.eclipse.recommenders.net [2.5.4.v20180909-1132]
[2019-03-10 09:28:46] Installing org.eclipse.recommenders.news [2.5.4.v20180909-1132]
[2019-03-10 09:28:46] Installing org.eclipse.recommenders.news.api [2.5.4.v20180909-1132]
[2019-03-10 09:28:46] Installing org.eclipse.recommenders.news.impl [2.5.4.v20180909-1132]
[2019-03-10 09:28:46] Installing org.eclipse.recommenders.news.rcp [2.5.4.v20180909-1132]
[2019-03-10 09:28:46] Installing org.eclipse.recommenders.news.rcp.feature.feature.group [2.5.4.v20180909-1132]
[2019-03-10 09:28:46] Installing org.eclipse.recommenders.news.rcp.feature.feature.jar [2.5.4.v20180909-1132]
[2019-03-10 09:28:46] Installing org.eclipse.recommenders.overrides [2.5.4.v20180909-1132]
[2019-03-10 09:28:46] Installing org.eclipse.recommenders.overrides.rcp [2.5.4.v20180909-1132]
[2019-03-10 09:28:46] Installing org.eclipse.recommenders.rcp [2.5.4.v20180909-1132]
[2019-03-10 09:28:46] Installing org.eclipse.recommenders.rcp.feature.feature.group [2.5.4.v20180909-1132]
[2019-03-10 09:28:46] Installing org.eclipse.recommenders.rcp.feature.feature.jar [2.5.4.v20180909-1132]
[2019-03-10 09:28:46] Installing org.eclipse.recommenders.snipmatch [2.5.4.v20180909-1132]
[2019-03-10 09:28:46] Installing org.eclipse.recommenders.snipmatch.rcp [2.5.4.v20180909-1132]
[2019-03-10 09:28:46] Installing org.eclipse.recommenders.snipmatch.rcp.feature.feature.group [2.5.4.v20180909-1132]
[2019-03-10 09:28:46] Installing org.eclipse.recommenders.snipmatch.rcp.feature.feature.jar [2.5.4.v20180909-1132]
[2019-03-10 09:28:46] Installing org.eclipse.recommenders.statics [2.5.4.v20180909-1132]
[2019-03-10 09:28:46] Installing org.eclipse.recommenders.statics.rcp [2.5.4.v20180909-1132]
[2019-03-10 09:28:46] Installing org.eclipse.recommenders.subwords.rcp [2.5.4.v20180909-1132]
[2019-03-10 09:28:46] Installing org.eclipse.recommenders.types.rcp [2.5.4.v20180909-1132]
[2019-03-10 09:28:46] Installing org.eclipse.recommenders.utils [2.5.4.v20180909-1132]
[2019-03-10 09:28:46] Installing org.eclipse.recommenders.utils.rcp [2.5.4.v20180909-1132]
[2019-03-10 09:28:46] Installing org.eclipse.search [3.11.300.v20180822-1339]
[2019-03-10 09:28:46] Installing org.eclipse.swt [3.108.0.v20180904-1901]
[2019-03-10 09:28:46] Installing org.eclipse.swt.win32.win32.x86_64 [3.108.0.v20180904-1901]
[2019-03-10 09:28:46] Installing org.eclipse.team.core [3.8.300.v20180827-1041]
[2019-03-10 09:28:46] Installing org.eclipse.team.genericeditor.diff.extension [1.0.200.v20180827-1041]
[2019-03-10 09:28:46] Installing org.eclipse.team.ui [3.8.200.v20180827-1338]
[2019-03-10 09:28:46] Installing org.eclipse.text [3.7.0.v20180822-1511]
[2019-03-10 09:28:46] Installing org.eclipse.tips.core [0.1.200.v20180821-0700]
[2019-03-10 09:28:46] Installing org.eclipse.tips.feature.feature.group [0.2.100.v20180821-0700]
[2019-03-10 09:28:46] Installing org.eclipse.tips.feature.feature.jar [0.2.100.v20180821-0700]
[2019-03-10 09:28:46] Installing org.eclipse.tips.ide [0.1.200.v20180821-0700]
[2019-03-10 09:28:46] Installing org.eclipse.tips.json [0.1.200.v20180821-0700]
[2019-03-10 09:28:46] Installing org.eclipse.tips.ui [0.1.200.v20180821-0700]
[2019-03-10 09:28:46] Installing org.eclipse.ui [3.110.0.v20180828-1350]
[2019-03-10 09:28:46] Installing org.eclipse.ui.browser [3.6.300.v20180828-0837]
[2019-03-10 09:28:46] Installing org.eclipse.ui.cheatsheets [3.5.300.v20180823-1505]
[2019-03-10 09:28:46] Installing org.eclipse.ui.console [3.8.100.v20180821-1744]
[2019-03-10 09:28:46] Installing org.eclipse.ui.editors [3.11.200.v20180822-1511]
[2019-03-10 09:28:46] Installing org.eclipse.ui.externaltools [3.4.200.v20180821-1744]
[2019-03-10 09:28:46] Installing org.eclipse.ui.forms [3.7.300.v20180828-1350]
[2019-03-10 09:28:46] Installing org.eclipse.ui.genericeditor [1.1.100.v20180824-1616]
[2019-03-10 09:28:46] Installing org.eclipse.ui.ide [3.14.100.v20180828-1350]
[2019-03-10 09:28:46] Installing org.eclipse.ui.ide.application [1.3.0.v20180828-1350]
[2019-03-10 09:28:46] Installing org.eclipse.ui.intro [3.5.300.v20180823-1505]
[2019-03-10 09:28:46] Installing org.eclipse.ui.intro.quicklinks [1.0.300.v20180821-0700]
[2019-03-10 09:28:46] Installing org.eclipse.ui.intro.universal [3.3.300.v20180821-0700]
[2019-03-10 09:28:46] Installing org.eclipse.ui.monitoring [1.1.300.v20180828-1350]
[2019-03-10 09:28:46] Installing org.eclipse.ui.navigator [3.7.200.v20180828-0837]
[2019-03-10 09:28:46] Installing org.eclipse.ui.navigator.resources [3.6.200.v20180828-0837]
[2019-03-10 09:28:46] Installing org.eclipse.ui.net [1.3.300.v20180827-1041]
[2019-03-10 09:28:46] Installing org.eclipse.ui.themes [1.2.200.v20180828-1350]
[2019-03-10 09:28:46] Installing org.eclipse.ui.views [3.9.200.v20180828-0837]
[2019-03-10 09:28:46] Installing org.eclipse.ui.views.log [1.2.300.v20180827-1331]
[2019-03-10 09:28:46] Installing org.eclipse.ui.views.properties.tabbed [3.8.200.v20180828-0837]
[2019-03-10 09:28:46] Installing org.eclipse.ui.win32 [3.4.100.v20180828-0838]
[2019-03-10 09:28:46] Installing org.eclipse.ui.workbench [3.112.0.v20180906-1121]
[2019-03-10 09:28:46] Installing org.eclipse.ui.workbench.texteditor [3.11.100.v20180824-1030]
[2019-03-10 09:28:46] Installing org.eclipse.update.configurator [3.4.100.v20180821-1913]
[2019-03-10 09:28:46] Installing org.eclipse.urischeme [1.0.0.v20180828-1120]
[2019-03-10 09:28:46] Installing org.eclipse.userstorage [1.1.0.v20170328-0205]
[2019-03-10 09:28:46] Installing org.eclipse.userstorage.feature.group [1.1.0.v20170526-1605]
[2019-03-10 09:28:46] Installing org.eclipse.userstorage.feature.jar [1.1.0.v20170526-1605]
[2019-03-10 09:28:46] Installing org.eclipse.userstorage.oauth [1.0.0.v20170526-1605]
[2019-03-10 09:28:46] Installing org.eclipse.userstorage.ui [1.0.2.v20170526-1605]
[2019-03-10 09:28:46] Installing org.eclipse.wst.common.core [1.2.0.v201802151734]
[2019-03-10 09:28:46] Installing org.eclipse.wst.common.emf [1.2.600.v201803151712]
[2019-03-10 09:28:46] Installing org.eclipse.wst.common.emfworkbench.integration [1.2.101.v201802262042]
[2019-03-10 09:28:46] Installing org.eclipse.wst.common.environment [1.0.400.v201802151734]
[2019-03-10 09:28:46] Installing org.eclipse.wst.common.frameworks [1.2.201.v201707201954]
[2019-03-10 09:28:46] Installing org.eclipse.wst.common.frameworks.ui [1.2.400.v201802151734]
[2019-03-10 09:28:46] Installing org.eclipse.wst.common.infopop [1.0.300.v201802151734]
[2019-03-10 09:28:46] Installing org.eclipse.wst.common.modulecore [1.3.0.v201805260536]
[2019-03-10 09:28:46] Installing org.eclipse.wst.common.modulecore.ui [1.0.301.v201707201954]
[2019-03-10 09:28:46] Installing org.eclipse.wst.common.project.facet.core [1.4.400.v201808012032]
[2019-03-10 09:28:46] Installing org.eclipse.wst.common.snippets [1.2.400.v201803040536]
[2019-03-10 09:28:46] Installing org.eclipse.wst.common.ui [1.1.500.v200911182011]
[2019-03-10 09:28:46] Installing org.eclipse.wst.common.uriresolver [1.2.300.v201802151734]
[2019-03-10 09:28:46] Installing org.eclipse.wst.common_core.feature.feature.group [3.9.1.v201805260536]
[2019-03-10 09:28:46] Installing org.eclipse.wst.common_core.feature.feature.jar [3.9.1.v201805260536]
[2019-03-10 09:28:46] Installing org.eclipse.wst.common_ui.feature.feature.group [3.9.2.v201803040536]
[2019-03-10 09:28:46] Installing org.eclipse.wst.common_ui.feature.feature.jar [3.9.2.v201803040536]
[2019-03-10 09:28:46] Installing org.eclipse.wst.dtd.core [1.2.0.v201802171654]
[2019-03-10 09:28:46] Installing org.eclipse.wst.dtd.ui [1.1.100.v201807090620]
[2019-03-10 09:28:46] Installing org.eclipse.wst.dtd.ui.infopop [1.0.400.v201711201733]
[2019-03-10 09:28:46] Installing org.eclipse.wst.dtdeditor.doc.user [1.1.0.v201802171654]
[2019-03-10 09:28:46] Installing org.eclipse.wst.internet.cache [1.0.800.v201702270716]
[2019-03-10 09:28:46] Installing org.eclipse.wst.sse.core [1.2.100.v201807090620]
[2019-03-10 09:28:46] Installing org.eclipse.wst.sse.doc.user [1.2.0.v201802171654]
[2019-03-10 09:28:46] Installing org.eclipse.wst.sse.ui [1.5.0.v201807252207]
[2019-03-10 09:28:46] Installing org.eclipse.wst.sse.ui.infopop [1.0.300.v201711201733]
[2019-03-10 09:28:46] Installing org.eclipse.wst.standard.schemas [1.0.800.v201711201732]
[2019-03-10 09:28:46] Installing org.eclipse.wst.validation [1.2.701.v201707142105]
[2019-03-10 09:28:46] Installing org.eclipse.wst.validation.infopop [1.0.300.v201309101952]
[2019-03-10 09:28:46] Installing org.eclipse.wst.validation.ui [1.2.501.v201802151734]
[2019-03-10 09:28:46] Installing org.eclipse.wst.xml.core [1.2.100.v201808220605]
[2019-03-10 09:28:46] Installing org.eclipse.wst.xml.ui [1.2.100.v201807252207]
[2019-03-10 09:28:46] Installing org.eclipse.wst.xml.ui.infopop [1.0.400.v201711201733]
[2019-03-10 09:28:46] Installing org.eclipse.wst.xml_core.feature.feature.group [3.11.0.v201808220605]
[2019-03-10 09:28:46] Installing org.eclipse.wst.xml_core.feature.feature.jar [3.11.0.v201808220605]
[2019-03-10 09:28:46] Installing org.eclipse.wst.xml_ui.feature.feature.group [3.11.0.v201807252207]
[2019-03-10 09:28:46] Installing org.eclipse.wst.xml_ui.feature.feature.jar [3.11.0.v201807252207]
[2019-03-10 09:28:46] Installing org.eclipse.wst.xml_userdoc.feature.feature.group [3.10.0.v201804190136]
[2019-03-10 09:28:46] Installing org.eclipse.wst.xml_userdoc.feature.feature.jar [3.10.0.v201804190136]
[2019-03-10 09:28:46] Installing org.eclipse.wst.xmleditor.doc.user [1.1.0.v201802171654]
[2019-03-10 09:28:46] Installing org.eclipse.wst.xsd.core [1.2.0.v201802171838]
[2019-03-10 09:28:46] Installing org.eclipse.wst.xsd.ui [1.3.100.v201807090620]
[2019-03-10 09:28:46] Installing org.eclipse.wst.xsdeditor.doc.user [1.0.800.v201711201733]
[2019-03-10 09:28:46] Installing org.eclipse.xsd [2.15.0.v20180722-1116]
[2019-03-10 09:28:46] Installing org.eclipse.xsd.edit [2.10.0.v20180706-1143]
[2019-03-10 09:28:46] Installing org.gradle.toolingapi [4.3.0.v20171108133209]
[2019-03-10 09:28:46] Installing org.hamcrest.core [1.3.0.v20180420-1519]
[2019-03-10 09:28:46] Installing org.jacoco.agent [0.8.2.v20180823-1901]
[2019-03-10 09:28:46] Installing org.jacoco.core [0.8.2.v20180823-1901]
[2019-03-10 09:28:46] Installing org.jacoco.report [0.8.2.v20180823-1901]
[2019-03-10 09:28:46] Installing org.jsoup [1.7.2.v201411291515]
[2019-03-10 09:28:46] Installing org.junit [4.12.0.v201504281640]
[2019-03-10 09:28:46] Installing org.junit.jupiter.api [5.1.0.v20180327-1502]
[2019-03-10 09:28:46] Installing org.junit.jupiter.engine [5.1.0.v20180327-1502]
[2019-03-10 09:28:46] Installing org.junit.jupiter.migrationsupport [5.1.0.v20180327-1502]
[2019-03-10 09:28:46] Installing org.junit.jupiter.params [5.1.0.v20180327-1502]
[2019-03-10 09:28:46] Installing org.junit.platform.commons [1.1.0.v20180327-1502]
[2019-03-10 09:28:46] Installing org.junit.platform.engine [1.1.0.v20180327-1502]
[2019-03-10 09:28:46] Installing org.junit.platform.launcher [1.1.0.v20180327-1502]
[2019-03-10 09:28:46] Installing org.junit.platform.runner [1.1.0.v20180327-1502]
[2019-03-10 09:28:46] Installing org.junit.platform.suite.api [1.1.0.v20180327-1502]
[2019-03-10 09:28:46] Installing org.junit.vintage.engine [5.1.0.v20180327-1502]
[2019-03-10 09:28:46] Installing org.maven.ide.eclipse [1.9.1.20180912-1601]
[2019-03-10 09:28:46] Installing org.objectweb.asm [6.2.1.v20180823-1831]
[2019-03-10 09:28:46] Installing org.objectweb.asm.commons [6.2.1.v20180823-1831]
[2019-03-10 09:28:46] Installing org.objectweb.asm.tree [6.2.1.v20180823-1831]
[2019-03-10 09:28:46] Installing org.opentest4j [1.0.0.v20180327-1502]
[2019-03-10 09:28:46] Installing org.sat4j.core [2.3.5.v201308161310]
[2019-03-10 09:28:46] Installing org.sat4j.pb [2.3.5.v201404071733]
[2019-03-10 09:28:46] Installing org.slf4j.api [1.7.2.v20121108-1250]
[2019-03-10 09:28:46] Installing org.slf4j.impl.log4j12 [1.7.2.v20131105-2200]
[2019-03-10 09:28:46] Installing org.tukaani.xz [1.8.0.v20180207-1613]
[2019-03-10 09:28:46] Installing org.w3c.css.sac [1.3.1.v200903091627]
[2019-03-10 09:28:46] Installing org.w3c.dom.events [3.0.0.draft20060413_v201105210656]
[2019-03-10 09:28:46] Installing org.w3c.dom.smil [1.0.1.v200903091627]
[2019-03-10 09:28:46] Installing org.w3c.dom.svg [1.1.0.v201011041433]
[2019-03-10 09:28:46] Installing tooling.org.eclipse.update.feature.default [1.0.0]
[2019-03-10 09:28:46] Installing tooling.osgi.bundle.default [1.0.0]
[2019-03-10 09:28:46] Installing tooling.source.default [1.0.0]
[2019-03-10 09:28:46] Installing toolingepp.package.java.application [4.9.0.20180917-1800]
[2019-03-10 09:28:46] Installing toolingepp.package.java.config.win32.win32.x86_64 [4.9.0.20180917-1800]
[2019-03-10 09:28:46] Installing toolingepp.package.java.configuration [4.9.0.20180917-1800]
[2019-03-10 09:28:46] Installing toolingepp.package.java.executable.win32.win32.x86_64 [4.9.0.20180917-1800]
[2019-03-10 09:28:46] Installing toolingepp.package.java.ini.win32.win32.x86_64 [4.9.0.20180917-1800]
[2019-03-10 09:28:46] Installing toolingorg.eclipse.equinox.launcher [1.5.100.v20180827-1352]
[2019-03-10 09:28:46] Installing toolingorg.eclipse.equinox.launcher.win32.win32.x86_64 [1.1.800.v20180827-1352]
[2019-03-10 09:28:46] Installing toolingorg.eclipse.platform.configuration [1.0.0]
[2019-03-10 09:28:46] Installing toolingorg.eclipse.platform.ide.application [4.9.0.I20180906-0745]
[2019-03-10 09:28:46] Installing toolingorg.eclipse.platform.ide.config.win32.win32.x86_64 [4.9.0.I20180906-0745]
[2019-03-10 09:28:46] Installing toolingorg.eclipse.platform.ide.configuration [4.9.0.I20180906-0745]
[2019-03-10 09:28:46] Installing toolingorg.eclipse.platform.ide.executable.win32.win32.x86_64 [4.9.0.I20180906-0745]
[2019-03-10 09:28:46] Installing toolingorg.eclipse.platform.ide.ini.win32.win32.x86_64 [4.9.0.I20180906-0745]
[2019-03-10 09:28:46] Installing toolingwin32.win32.x86_64org.eclipse.core.runtime [4.9.0.I20180906-0745]
[2019-03-10 09:28:46] Installing toolingwin32.win32.x86_64org.eclipse.equinox.common [4.9.0.I20180906-0745]
[2019-03-10 09:28:46] Installing toolingwin32.win32.x86_64org.eclipse.equinox.ds [4.9.0.I20180906-0745]
[2019-03-10 09:28:46] Installing toolingwin32.win32.x86_64org.eclipse.equinox.event [4.9.0.I20180906-0745]
[2019-03-10 09:28:46] Installing toolingwin32.win32.x86_64org.eclipse.equinox.p2.reconciler.dropins [4.9.0.I20180906-0745]
[2019-03-10 09:28:46] Installing toolingwin32.win32.x86_64org.eclipse.equinox.simpleconfigurator [4.9.0.I20180906-0745]
[2019-03-10 09:28:47] Preparing to commit the provisioning operation.
[2019-03-10 09:28:47] Committing the provisioning operation.
[2019-03-10 09:28:49] Performing Eclipse Ini --launcher.appendVmargs
[2019-03-10 09:28:49] Performing Eclipse Ini -Declipse.p2.max.threads=10
[2019-03-10 09:28:49] Changing C:\Users\grzegorz\eclipse\lisp\eclipse\eclipse.ini (-Declipse.p2.max.threads=10)
[2019-03-10 09:28:49] Performing Eclipse Ini -Doomph.update.url=http://download.eclipse.org/oomph/updates/milestone/latest
[2019-03-10 09:28:49] Changing C:\Users\grzegorz\eclipse\lisp\eclipse\eclipse.ini (-Doomph.update.url=http://download.eclipse.org/oomph/updates/milestone/latest)
[2019-03-10 09:28:49] Performing Eclipse Ini -Doomph.redirection.index.redirection=index:/->http://git.eclipse.org/c/oomph/org.eclipse.oomph.git/plain/setups/
[2019-03-10 09:28:49] Changing C:\Users\grzegorz\eclipse\lisp\eclipse\eclipse.ini (-Doomph.redirection.index.redirection=index:/->http://git.eclipse.org/c/oomph/org.eclipse.oomph.git/plain/setups/)
[2019-03-10 09:28:49] Performing post bootstrap tasks
[2019-03-10 09:28:49] 
